# JRE version: OpenJDK Runtime Environment Microsoft-9394293 (11.0.23+9) (build 11.0.23+9-LTS)
# Java VM: OpenJDK 64-Bit Server VM Microsoft-9394293 (11.0.23+9-LTS, mixed mode, sharing, tiered, compressed oops, g1 gc, windows-aarch64)
Heap:
 garbage-first heap   total 574464K, used 69570K [0x0000000706600000, 0x0000000800000000)
  region size 1024K, 65 young (66560K), 1 survivors (1024K)
 Metaspace       used 9939K, capacity 10548K, committed 10880K, reserved 1058816K
  class space    used 1100K, capacity 1327K, committed 1408K, reserved 1048576K
GC Heap History (20 events):
Event: 94.120 GC heap before
{Heap before GC invocations=421 (full 0):
 garbage-first heap   total 574464K, used 348098K [0x0000000706600000, 0x0000000800000000)
  region size 1024K, 336 young (344064K), 1 survivors (1024K)
 Metaspace       used 9890K, capacity 10543K, committed 10880K, reserved 1058816K
  class space    used 1091K, capacity 1325K, committed 1408K, reserved 1048576K
}
Event: 94.121 GC heap after
{Heap after GC invocations=422 (full 0):
 garbage-first heap   total 574464K, used 5058K [0x0000000706600000, 0x0000000800000000)
  region size 1024K, 1 young (1024K), 1 survivors (1024K)
 Metaspace       used 9890K, capacity 10543K, committed 10880K, reserved 1058816K
  class space    used 1091K, capacity 1325K, committed 1408K, reserved 1048576K
}
Event: 94.334 GC heap before
{Heap before GC invocations=422 (full 0):
 garbage-first heap   total 574464K, used 348098K [0x0000000706600000, 0x0000000800000000)
  region size 1024K, 336 young (344064K), 1 survivors (1024K)
 Metaspace       used 9890K, capacity 10543K, committed 10880K, reserved 1058816K
  class space    used 1091K, capacity 1325K, committed 1408K, reserved 1048576K
}
Event: 94.334 GC heap after
{Heap after GC invocations=423 (full 0):
 garbage-first heap   total 574464K, used 5048K [0x0000000706600000, 0x0000000800000000)
  region size 1024K, 1 young (1024K), 1 survivors (1024K)
 Metaspace       used 9890K, capacity 10543K, committed 10880K, reserved 1058816K
  class space    used 1091K, capacity 1325K, committed 1408K, reserved 1048576K
}
Event: 94.559 GC heap before
{Heap before GC invocations=423 (full 0):
 garbage-first heap   total 574464K, used 348088K [0x0000000706600000, 0x0000000800000000)
  region size 1024K, 336 young (344064K), 1 survivors (1024K)
 Metaspace       used 9890K, capacity 10543K, committed 10880K, reserved 1058816K
  class space    used 1091K, capacity 1325K, committed 1408K, reserved 1048576K
}
Event: 94.560 GC heap after
{Heap after GC invocations=424 (full 0):
 garbage-first heap   total 574464K, used 5058K [0x0000000706600000, 0x0000000800000000)
  region size 1024K, 1 young (1024K), 1 survivors (1024K)
 Metaspace       used 9890K, capacity 10543K, committed 10880K, reserved 1058816K
  class space    used 1091K, capacity 1325K, committed 1408K, reserved 1048576K
}
Event: 94.776 GC heap before
{Heap before GC invocations=424 (full 0):
 garbage-first heap   total 574464K, used 348098K [0x0000000706600000, 0x0000000800000000)
  region size 1024K, 336 young (344064K), 1 survivors (1024K)
 Metaspace       used 9890K, capacity 10543K, committed 10880K, reserved 1058816K
  class space    used 1091K, capacity 1325K, committed 1408K, reserved 1048576K
}
Event: 94.777 GC heap after
{Heap after GC invocations=425 (full 0):
 garbage-first heap   total 574464K, used 5048K [0x0000000706600000, 0x0000000800000000)
  region size 1024K, 1 young (1024K), 1 survivors (1024K)
 Metaspace       used 9890K, capacity 10543K, committed 10880K, reserved 1058816K
  class space    used 1091K, capacity 1325K, committed 1408K, reserved 1048576K
}
Event: 95.013 GC heap before
{Heap before GC invocations=425 (full 0):
 garbage-first heap   total 574464K, used 348088K [0x0000000706600000, 0x0000000800000000)
  region size 1024K, 336 young (344064K), 1 survivors (1024K)
 Metaspace       used 9890K, capacity 10543K, committed 10880K, reserved 1058816K
  class space    used 1091K, capacity 1325K, committed 1408K, reserved 1048576K
}
Event: 95.014 GC heap after
{Heap after GC invocations=426 (full 0):
 garbage-first heap   total 574464K, used 5062K [0x0000000706600000, 0x0000000800000000)
  region size 1024K, 1 young (1024K), 1 survivors (1024K)
 Metaspace       used 9890K, capacity 10543K, committed 10880K, reserved 1058816K
  class space    used 1091K, capacity 1325K, committed 1408K, reserved 1048576K
}
Event: 95.244 GC heap before
{Heap before GC invocations=426 (full 0):
 garbage-first heap   total 574464K, used 348102K [0x0000000706600000, 0x0000000800000000)
  region size 1024K, 336 young (344064K), 1 survivors (1024K)
 Metaspace       used 9890K, capacity 10543K, committed 10880K, reserved 1058816K
  class space    used 1091K, capacity 1325K, committed 1408K, reserved 1048576K
}
Event: 95.245 GC heap after
{Heap after GC invocations=427 (full 0):
 garbage-first heap   total 574464K, used 5054K [0x0000000706600000, 0x0000000800000000)
  region size 1024K, 1 young (1024K), 1 survivors (1024K)
 Metaspace       used 9890K, capacity 10543K, committed 10880K, reserved 1058816K
  class space    used 1091K, capacity 1325K, committed 1408K, reserved 1048576K
}
Event: 95.465 GC heap before
{Heap before GC invocations=427 (full 0):
 garbage-first heap   total 574464K, used 348094K [0x0000000706600000, 0x0000000800000000)
  region size 1024K, 336 young (344064K), 1 survivors (1024K)
 Metaspace       used 9890K, capacity 10543K, committed 10880K, reserved 1058816K
  class space    used 1091K, capacity 1325K, committed 1408K, reserved 1048576K
}
Event: 95.465 GC heap after
{Heap after GC invocations=428 (full 0):
 garbage-first heap   total 574464K, used 5040K [0x0000000706600000, 0x0000000800000000)
  region size 1024K, 1 young (1024K), 1 survivors (1024K)
 Metaspace       used 9890K, capacity 10543K, committed 10880K, reserved 1058816K
  class space    used 1091K, capacity 1325K, committed 1408K, reserved 1048576K
}
Event: 95.672 GC heap before
{Heap before GC invocations=428 (full 0):
 garbage-first heap   total 574464K, used 348080K [0x0000000706600000, 0x0000000800000000)
  region size 1024K, 336 young (344064K), 1 survivors (1024K)
 Metaspace       used 9890K, capacity 10543K, committed 10880K, reserved 1058816K
  class space    used 1091K, capacity 1325K, committed 1408K, reserved 1048576K
}
Event: 95.672 GC heap after
{Heap after GC invocations=429 (full 0):
 garbage-first heap   total 574464K, used 5056K [0x0000000706600000, 0x0000000800000000)
  region size 1024K, 1 young (1024K), 1 survivors (1024K)
 Metaspace       used 9890K, capacity 10543K, committed 10880K, reserved 1058816K
  class space    used 1091K, capacity 1325K, committed 1408K, reserved 1048576K
}
Event: 95.878 GC heap before
{Heap before GC invocations=429 (full 0):
 garbage-first heap   total 574464K, used 348096K [0x0000000706600000, 0x0000000800000000)
  region size 1024K, 336 young (344064K), 1 survivors (1024K)
 Metaspace       used 9890K, capacity 10543K, committed 10880K, reserved 1058816K
  class space    used 1091K, capacity 1325K, committed 1408K, reserved 1048576K
}
Event: 95.879 GC heap after
{Heap after GC invocations=430 (full 0):
 garbage-first heap   total 574464K, used 5040K [0x0000000706600000, 0x0000000800000000)
  region size 1024K, 1 young (1024K), 1 survivors (1024K)
 Metaspace       used 9890K, capacity 10543K, committed 10880K, reserved 1058816K
  class space    used 1091K, capacity 1325K, committed 1408K, reserved 1048576K
}
Event: 96.089 GC heap before
{Heap before GC invocations=430 (full 0):
 garbage-first heap   total 574464K, used 348080K [0x0000000706600000, 0x0000000800000000)
  region size 1024K, 336 young (344064K), 1 survivors (1024K)
 Metaspace       used 9890K, capacity 10543K, committed 10880K, reserved 1058816K
  class space    used 1091K, capacity 1325K, committed 1408K, reserved 1048576K
}
Event: 96.090 GC heap after
{Heap after GC invocations=431 (full 0):
 garbage-first heap   total 574464K, used 5058K [0x0000000706600000, 0x0000000800000000)
  region size 1024K, 1 young (1024K), 1 survivors (1024K)
 Metaspace       used 9890K, capacity 10543K, committed 10880K, reserved 1058816K
  class space    used 1091K, capacity 1325K, committed 1408K, reserved 1048576K
}

